<?xml version="1.0" encoding="UTF-8"?>
<!-- Generated by org.testng.reporters.JUnitXMLReporter -->
<testsuite hostname="SPT-CPU-0330" ignored="5" name="RegressionTest" tests="1" failures="0" timestamp="21 May 2018 11:48:00 GMT" time="0.022" errors="0">
  <testcase name="homepage" time="0.007" classname="Dependency.Dependency"/>
  <testcase name="fifth" time="0.0" classname="Dependency.Dependency">
    <ignored/>
  </testcase> <!-- fifth -->
  <testcase name="fourth" time="0.0" classname="Dependency.Dependency">
    <ignored/>
  </testcase> <!-- fourth -->
  <testcase name="launchbrowser" time="0.0" classname="Dependency.Dependency">
    <ignored/>
  </testcase> <!-- launchbrowser -->
  <testcase name="second" time="0.0" classname="Dependency.Dependency">
    <ignored/>
  </testcase> <!-- second -->
  <testcase name="third" time="0.0" classname="Dependency.Dependency">
    <ignored/>
  </testcase> <!-- third -->
</testsuite> <!-- RegressionTest -->
