<?xml version="1.0" encoding="UTF-8"?>
<!-- Generated by org.testng.reporters.JUnitXMLReporter -->
<testsuite hostname="SPT-CPU-0330" ignored="0" name="Test" tests="2" failures="2" timestamp="25 Jun 2018 13:56:58 GMT" time="0.047" errors="0">
  <testcase name="testcase1" time="0.01" classname="TestListeners.ListenerTestCases">
    <failure type="java.lang.AssertionError" message="expected [true] but found [false]">
      <![CDATA[java.lang.AssertionError: expected [true] but found [false]at TestListeners.ListenerTestCases.testcase1(ListenerTestCases.java:17)... Removed 29 stack frames]]>
    </failure>
  </testcase> <!-- testcase1 -->
  <testcase name="testcase1" time="0.029" classname="TestListeners.ListenerTestCases">
    <failure type="java.lang.NullPointerException">
      <![CDATA[java.lang.NullPointerExceptionat TestListeners.InvokeTestListeners.onTestFailure(InvokeTestListeners.java:40)... Removed 22 stack frames]]>
    </failure>
  </testcase> <!-- testcase1 -->
</testsuite> <!-- Test -->
